<?xml version="1.0" encoding="UTF-8"?>
<testng-results total="1" passed="1" failed="0" skipped="0">
  <reporter-output>
  </reporter-output>
  <suite started-at="2021-11-12T13:10:45Z" name="Surefire suite" finished-at="2021-11-12T13:10:47Z" duration-ms="1558">
    <groups>
    </groups>
    <test started-at="2021-11-12T13:10:45Z" name="Surefire test" finished-at="2021-11-12T13:10:47Z" duration-ms="1558">
      <class name="ordersTest.OrdersApiTest">
        <test-method is-config="true" signature="setUp()[pri:0, instance:ordersTest.OrdersApiTest@6e6f2380]" started-at="2021-11-12T14:10:45Z" name="setUp" finished-at="2021-11-12T14:10:45Z" duration-ms="418" status="PASS">
          <reporter-output>
          </reporter-output>
        </test-method> <!-- setUp -->
        <test-method signature="testCanGetUserOrders()[pri:0, instance:ordersTest.OrdersApiTest@6e6f2380]" started-at="2021-11-12T14:10:45Z" name="testCanGetUserOrders" finished-at="2021-11-12T14:10:46Z" duration-ms="1085" status="PASS">
          <reporter-output>
          </reporter-output>
        </test-method> <!-- testCanGetUserOrders -->
      </class> <!-- ordersTest.OrdersApiTest -->
    </test> <!-- Surefire test -->
  </suite> <!-- Surefire suite -->
</testng-results>
