<?xml version="1.0" encoding="UTF-8"?>
<testng-results ignored="0" total="0" passed="0" failed="0" skipped="0">
  <reporter-output>
  </reporter-output>
  <suite started-at="2021-10-30T23:37:20 CEST" name="registerTests.UserRegistrationTest" finished-at="2021-10-30T23:37:20 CEST" duration-ms="7">
    <groups>
    </groups>
    <test started-at="2021-10-30T23:37:20 CEST" name="Command line test" finished-at="2021-10-30T23:37:20 CEST" duration-ms="7">
    </test> <!-- Command line test -->
  </suite> <!-- registerTests.UserRegistrationTest -->
</testng-results>
